"GET / HTTP/1.1" 505
"GET /favicon.ico HTTP/1.1" 490
"GET /robots.txt HTTP/1.1" 400
"GET /favicon.ico HTTP/1.1" 460
"GET /robots.txt HTTP/1.1" 351
"GET /robots.txt HTTP/1.1" 495
"GET / HTTP/1.1" 1315
"GET /robots.txt HTTP/1.1" 379
"GET /robots.txt HTTP/1.1" 499
"GET / HTTP/1.1" 567
"GET /robots.txt HTTP/1.1" 1052
"GET /robots.txt HTTP/1.1" 510
"GET / HTTP/1.1" 896
"GET /robots.txt HTTP/1.1" 350
"GET /robots.txt HTTP/1.1" 546
"GET / HTTP/1.1" 335
"GET /robots.txt HTTP/1.1" 248
"GET / HTTP/1.1" 244
"GET /robots.txt HTTP/1.1" 316
"GET /robots.txt HTTP/1.1" 643
"GET /robots.txt HTTP/1.1" 854
"GET / HTTP/1.1" 1254
"GET /robots.txt HTTP/1.1" 988
"GET /robots.txt HTTP/1.1" 878
"GET / HTTP/1.1" 1257
"GET /robots.txt HTTP/1.1" 866
"GET /robots.txt HTTP/1.1" 371
"GET / HTTP/1.1" 272
"GET /robots.txt HTTP/1.1" 388
"GET /robots.txt HTTP/1.1" 371
"GET / HTTP/1.1" 764
"GET /robots.txt HTTP/1.1" 188
"GET /robots.txt HTTP/1.1" 378
"GET / HTTP/1.1" 270
"GET /robots.txt HTTP/1.1" 165
"GET /robots.txt HTTP/1.1" 415
"GET / HTTP/1.1" 247
"GET /robots.txt HTTP/1.1" 207
"GET /robots.txt HTTP/1.1" 391
"GET / HTTP/1.1" 570
"GET /robots.txt HTTP/1.1" 176
"GET /robots.txt HTTP/1.1" 374
"GET / HTTP/1.1" 229
"GET /robots.txt HTTP/1.1" 203
"GET / HTTP/1.1" 277
"GET /robots.txt HTTP/1.1" 181
"GET /robots.txt HTTP/1.1" 271
"GET /robots.txt HTTP/1.1" 366
"GET / HTTP/1.1" 599
"GET /robots.txt HTTP/1.1" 459
"GET /robots.txt HTTP/1.1" 308
"GET / HTTP/1.1" 248
"GET /robots.txt HTTP/1.1" 241
"GET / HTTP/1.1" 301
"GET /robots.txt HTTP/1.1" 181
"GET /robots.txt HTTP/1.1" 364
"GET /robots.txt HTTP/1.1" 369
"GET / HTTP/1.1" 772
"GET /robots.txt HTTP/1.1" 176
"GET / HTTP/1.1" 184
"GET /robots.txt HTTP/1.1" 179
"GET /robots.txt HTTP/1.1" 182
"GET /robots.txt HTTP/1.1" 380
"GET / HTTP/1.1" 240
"GET /robots.txt HTTP/1.1" 263
"GET /robots.txt HTTP/1.1" 186
"GET / HTTP/1.1" 220
"GET /robots.txt HTTP/1.1" 222
"GET /robots.txt HTTP/1.1" 369
"GET / HTTP/1.1" 252
"GET /robots.txt HTTP/1.1" 437
"GET /robots.txt HTTP/1.1" 431
"GET / HTTP/1.1" 234
"GET /robots.txt HTTP/1.1" 426
"GET / HTTP/1.1" 246
"GET /robots.txt HTTP/1.1" 167
"GET /robots.txt HTTP/1.1" 175
"GET / HTTP/1.1" 174
"GET /robots.txt HTTP/1.1" 186
"GET /robots.txt HTTP/1.1" 184
"GET /robots.txt HTTP/1.1" 396
"GET / HTTP/1.1" 564
"GET /robots.txt HTTP/1.1" 438
"GET /robots.txt HTTP/1.1" 461
"GET / HTTP/1.1" 218
"GET /robots.txt HTTP/1.1" 184
"GET /robots.txt HTTP/1.1" 375
"GET / HTTP/1.1" 583
"GET /robots.txt HTTP/1.1" 208
"GET / HTTP/1.1" 396
"GET /robots.txt HTTP/1.1" 210
"GET / HTTP/1.1" 225
"GET /robots.txt HTTP/1.1" 263
"GET /robots.txt HTTP/1.1" 171
"GET / HTTP/1.1" 364
"GET /robots.txt HTTP/1.1" 190
"GET /robots.txt HTTP/1.1" 175
"GET /robots.txt HTTP/1.1" 304
"GET / HTTP/1.1" 197
"GET /robots.txt HTTP/1.1" 215
"GET /robots.txt HTTP/1.1" 455
"GET /robots.txt HTTP/1.1" 363
"GET / HTTP/1.1" 1259
"GET /robots.txt HTTP/1.1" 849
"GET /robots.txt HTTP/1.1" 285
"GET / HTTP/1.1" 1272
"GET /robots.txt HTTP/1.1" 336
"GET / HTTP/1.1" 240
"GET /robots.txt HTTP/1.1" 213
"GET /robots.txt HTTP/1.1" 501
"GET /robots.txt HTTP/1.1" 377
"GET / HTTP/1.1" 812
"GET /robots.txt HTTP/1.1" 270
"GET / HTTP/1.1" 263
"GET /robots.txt HTTP/1.1" 220
"GET /robots.txt HTTP/1.1" 548
"GET /robots.txt HTTP/1.1" 168
"GET / HTTP/1.1" 282
"GET /robots.txt HTTP/1.1" 196
"GET / HTTP/1.1" 302
"GET /robots.txt HTTP/1.1" 208
"GET /robots.txt HTTP/1.1" 436
"GET /robots.txt HTTP/1.1" 398
"GET / HTTP/1.1" 258
"GET /robots.txt HTTP/1.1" 531
"GET / HTTP/1.1" 535
"GET /robots.txt HTTP/1.1" 199
"GET /robots.txt HTTP/1.1" 267
"GET / HTTP/1.1" 286
"GET /robots.txt HTTP/1.1" 170
"GET /robots.txt HTTP/1.1" 174
"GET / HTTP/1.1" 207
"GET /robots.txt HTTP/1.1" 200
"GET /robots.txt HTTP/1.1" 211
"GET / HTTP/1.1" 209
"GET /robots.txt HTTP/1.1" 193
"GET /robots.txt HTTP/1.1" 443
"GET /robots.txt HTTP/1.1" 362
"GET / HTTP/1.1" 221
"GET /robots.txt HTTP/1.1" 258
"GET /robots.txt HTTP/1.1" 381
"GET / HTTP/1.1" 582
"GET /robots.txt HTTP/1.1" 194
"GET /robots.txt HTTP/1.1" 361
"GET / HTTP/1.1" 224
"GET /robots.txt HTTP/1.1" 427
"GET /robots.txt HTTP/1.1" 368
"GET / HTTP/1.1" 364
"GET /robots.txt HTTP/1.1" 438
"GET /robots.txt HTTP/1.1" 446
"GET / HTTP/1.1" 240
"GET /robots.txt HTTP/1.1" 168
"GET /robots.txt HTTP/1.1" 133
"GET / HTTP/1.1" 290
"GET /robots.txt HTTP/1.1" 433
"GET /robots.txt HTTP/1.1" 115
"GET / HTTP/1.1" 260
"GET /robots.txt HTTP/1.1" 195
"GET /robots.txt HTTP/1.1" 361
"GET / HTTP/1.1" 228
"GET /robots.txt HTTP/1.1" 449
"GET /robots.txt HTTP/1.1" 373
"GET / HTTP/1.1" 852
"GET /robots.txt HTTP/1.1" 433
"GET /robots.txt HTTP/1.1" 391
"GET / HTTP/1.1" 243
"GET /robots.txt HTTP/1.1" 404
"GET /robots.txt HTTP/1.1" 381
"GET / HTTP/1.1" 266
"GET /robots.txt HTTP/1.1" 178
"GET /robots.txt HTTP/1.1" 120
"GET / HTTP/1.1" 585
"GET /robots.txt HTTP/1.1" 173
"GET /robots.txt HTTP/1.1" 364
"GET / HTTP/1.1" 573
"GET /robots.txt HTTP/1.1" 359
"GET /robots.txt HTTP/1.1" 401
"GET / HTTP/1.1" 678
"GET /robots.txt HTTP/1.1" 194
"GET /robots.txt HTTP/1.1" 309
"GET / HTTP/1.1" 595
"GET /robots.txt HTTP/1.1" 454
"GET /robots.txt HTTP/1.1" 354
"GET / HTTP/1.1" 224
"GET /robots.txt HTTP/1.1" 271
"GET /robots.txt HTTP/1.1" 186
"GET / HTTP/1.1" 580
"GET /robots.txt HTTP/1.1" 344
"GET /robots.txt HTTP/1.1" 406
"GET / HTTP/1.1" 225
"GET / HTTP/1.1" 634
"GET /robots.txt HTTP/1.1" 482
"GET /robots.txt HTTP/1.1" 199
"GET / HTTP/1.1" 225
"GET /robots.txt HTTP/1.1" 190
"GET /robots.txt HTTP/1.1" 248
"GET / HTTP/1.1" 248
"GET /robots.txt HTTP/1.1" 178
"GET /robots.txt HTTP/1.1" 181
"GET /robots.txt HTTP/1.1" 356
"GET /robots.txt HTTP/1.1" 409
"GET /robots.txt HTTP/1.1" 165
"GET /robots.txt HTTP/1.1" 169
"GET /robots.txt HTTP/1.1" 231
"GET /robots.txt HTTP/1.1" 183
"GET /robots.txt HTTP/1.1" 218
"GET /robots.txt HTTP/1.1" 126
"GET / HTTP/1.1" 220
"GET /robots.txt HTTP/1.1" 222
"GET /robots.txt HTTP/1.1" 225
"GET / HTTP/1.1" 746
"GET /robots.txt HTTP/1.1" 175
"GET /robots.txt HTTP/1.1" 125
"GET / HTTP/1.1" 789
"GET /robots.txt HTTP/1.1" 188
"GET /robots.txt HTTP/1.1" 121
"GET / HTTP/1.1" 570
"GET /robots.txt HTTP/1.1" 232
"GET /robots.txt HTTP/1.1" 172
"HEAD / HTTP/1.1" 230
"HEAD / HTTP/1.1" 868
"HEAD / HTTP/1.1" 1060
"HEAD / HTTP/1.1" 883
"HEAD / HTTP/1.1" 3487
"HEAD / HTTP/1.1" 3445
"HEAD / HTTP/1.1" 952
"HEAD / HTTP/1.1" 931
"GET /robots.txt HTTP/1.1" 452
"GET /robots.txt HTTP/1.1" 1037
"GET /robots.txt HTTP/1.1" 1004
"GET /robots.txt HTTP/1.1" 412
"GET /robots.txt HTTP/1.1" 155
"GET /robots.txt HTTP/1.1" 274
"HEAD / HTTP/1.1" 606
"HEAD / HTTP/1.1" 3482
"HEAD / HTTP/1.1" 576
"HEAD / HTTP/1.1" 534
"HEAD / HTTP/1.1" 527
"HEAD / HTTP/1.1" 527
"HEAD / HTTP/1.1" 517
"HEAD / HTTP/1.1" 542
"HEAD / HTTP/1.1" 507
"HEAD / HTTP/1.1" 524
"HEAD / HTTP/1.1" 523
"HEAD / HTTP/1.1" 647
"HEAD / HTTP/1.1" 521
"HEAD / HTTP/1.1" 3353
"HEAD / HTTP/1.1" 3243
"HEAD / HTTP/1.1" 3192
"HEAD / HTTP/1.1" 3309
"HEAD / HTTP/1.1" 3307
"HEAD / HTTP/1.1" 3298
"HEAD / HTTP/1.1" 4145
"HEAD / HTTP/1.1" 3534
"GET /robots.txt HTTP/1.1" 786
"GET /robots.txt HTTP/1.1" 516
"GET /robots.txt HTTP/1.1" 1494
"HEAD / HTTP/1.1" 3386
"GET /robots.txt HTTP/1.1" 406
"GET /robots.txt HTTP/1.1" 692
"GET /robots.txt HTTP/1.1" 690
"HEAD / HTTP/1.1" 3386
"HEAD /css/aaa HTTP/1.1" 898
"HEAD / HTTP/1.1" 3364
"HEAD / HTTP/1.1" 3213
"HEAD / HTTP/1.1" 3372
"HEAD / HTTP/1.1" 3402
"HEAD / HTTP/1.1" 4668
"HEAD / HTTP/1.1" 3906
"HEAD / HTTP/1.1" 1685
"HEAD / HTTP/1.1" 1664
"HEAD / HTTP/1.1" 1729
"HEAD / HTTP/1.1" 2189
"HEAD / HTTP/1.1" 926
"HEAD / HTTP/1.1" 1672
"HEAD /../../ HTTP/1.1" 112
"HEAD /../ HTTP/1.1" 276
"HEAD / HTTP/1.1" 1667
"HEAD / HTTP/1.1" 691
"HEAD / HTTP/1.1" 1666
"HEAD / HTTP/1.1" 1693
"HEAD / HTTP/1.1" 1513
"HEAD / HTTP/1.1" 1711
"GET /robots.txt HTTP/1.1" 460
"GET /robots.txt HTTP/1.1" 350
"GET /robots.txt HTTP/1.1" 214
"GET /robots.txt HTTP/1.1" 416
"GET /robots.txt HTTP/1.1" 403
"GET /robots.txt HTTP/1.1" 392
"HEAD / HTTP/1.1" 1049
"HEAD / HTTP/1.1" 2423
"HEAD / HTTP/1.1" 3800
"HEAD / HTTP/1.1" 3265
"HEAD / HTTP/1.1" 1142
"HEAD / HTTP/1.1" 827
"HEAD / HTTP/1.1" 3178
"HEAD / HTTP/1.1" 3300
"HEAD / HTTP/1.1" 847
"HEAD / HTTP/1.1" 483
"GET /robots.txt HTTP/1.1" 398
"GET /robots.txt HTTP/1.1" 326
"GET /robots.txt HTTP/1.1" 391
"GET /robots.txt HTTP/1.1" 643
"GET /robots.txt HTTP/1.1" 327
"GET /robots.txt HTTP/1.1" 541
"HEAD / HTTP/1.1" 2861
"HEAD /../ HTTP/1.1" 638
"HEAD / HTTP/1.1" 2299
"HEAD / HTTP/1.1" 3424
"HEAD / HTTP/1.1" 1220
"HEAD / HTTP/1.1" 4416
"HEAD / HTTP/1.1" 3399
"GET /robots.txt HTTP/1.1" 17810
"GET /robots.txt HTTP/1.1" 3220
"GET / HTTP/1.1" 869
"GET /robots.txt HTTP/1.1" 1278
"GET /robots.txt HTTP/1.1" 2295
"HEAD / HTTP/1.1" 1863
"HEAD /home.html HTTP/1.1" 1975
"HEAD /home.html HTTP/1.1" 3229
"HEAD /home.html HTTP/1.1" 3406
"GET /home.html HTTP/1.1" 3404
"HEAD /home.html HTTP/1.1" 4369
"GET /robots.txt HTTP/1.1" 3853
"GET / HTTP/1.1" 1728
"GET /robots.txt HTTP/1.1" 1391
"GET /robots.txt HTTP/1.1" 1838
"GET / HTTP/1.1" 40887
"GET /robots.txt HTTP/1.1" 37745
"GET /robots.txt HTTP/1.1" 37371
"GET / HTTP/1.1" 46980
"GET /robots.txt HTTP/1.1" 34353
"GET /robots.txt HTTP/1.1" 32426
"GET /home.html HTTP/1.1" 63664
"GET /robots.txt HTTP/1.1" 31119
"GET /robots.txt HTTP/1.1" 27093
"GET /home.html HTTP/1.1" 34232
"GET /robots.txt HTTP/1.1" 48433
"GET /robots.txt HTTP/1.1" 48744
"GET /home.html HTTP/1.1" 31350
"GET /robots.txt HTTP/1.1" 29346
"GET /robots.txt HTTP/1.1" 30275
"GET /home.html HTTP/1.1" 21278
"GET /robots.txt HTTP/1.1" 28952
"GET /home.html HTTP/1.1" 29822
"GET /robots.txt HTTP/1.1" 30498
"GET /home.html HTTP/1.1" 25276
"GET /robots.txt HTTP/1.1" 47188
"GET /robots.txt HTTP/1.1" 47099
"GET /robots.txt HTTP/1.1" 41248
"GET /robots.txt HTTP/1.1" 44479
"GET /home.html HTTP/1.1" 37354
"GET /robots.txt HTTP/1.1" 33629
"GET /robots.txt HTTP/1.1" 35046
"GET /home.html HTTP/1.1" 44082
"GET /robots.txt HTTP/1.1" 40936
"GET /robots.txt HTTP/1.1" 39508
"GET /home.html HTTP/1.1" 26371
"GET /robots.txt HTTP/1.1" 32827
"GET /robots.txt HTTP/1.1" 33211
"GET /robots.txt HTTP/1.1" 26887
"GET /robots.txt HTTP/1.1" 29028
"GET /robots.txt HTTP/1.1" 32285
"GET /robots.txt HTTP/1.1" 37423
"GET /robots.txt HTTP/1.1" 32562
"GET /robots.txt HTTP/1.1" 43445
"GET /home.html HTTP/1.1" 32871
"GET /robots.txt HTTP/1.1" 30103
"GET /robots.txt HTTP/1.1" 30533
"GET /home.html HTTP/1.1" 27763
"GET /robots.txt HTTP/1.1" 39924
"GET /robots.txt HTTP/1.1" 40798
"GET /home.html HTTP/1.1" 31333
"GET /robots.txt HTTP/1.1" 29528
"GET /robots.txt HTTP/1.1" 29169
"GET /home.html HTTP/1.1" 30805
"GET /robots.txt HTTP/1.1" 33901
"GET /home.html HTTP/1.1" 33582
"GET /robots.txt HTTP/1.1" 45485
"GET /robots.txt HTTP/1.1" 31032
"GET /robots.txt HTTP/1.1" 31139
"GET /home.html HTTP/1.1" 13771
"GET /robots.txt HTTP/1.1" 10473
"GET /robots.txt HTTP/1.1" 11701
"GET /home.html HTTP/1.1" 33348
"GET /robots.txt HTTP/1.1" 43886
"GET /robots.txt HTTP/1.1" 43196
"GET /home.html HTTP/1.1" 26210
"GET /home.html HTTP/1.1" 20138
"GET /robots.txt HTTP/1.1" 28741
"GET /robots.txt HTTP/1.1" 34750
"GET /home.html HTTP/1.1" 20466
"GET /robots.txt HTTP/1.1" 29368
"GET /robots.txt HTTP/1.1" 33702
"GET /robots.txt HTTP/1.1" 31064
"GET /robots.txt HTTP/1.1" 30616
"GET /home.html HTTP/1.1" 27981
"GET /home.html HTTP/1.1" 21474
"GET /robots.txt HTTP/1.1" 29757
"GET /robots.txt HTTP/1.1" 36223
"GET /home.html HTTP/1.1" 23969
"GET /robots.txt HTTP/1.1" 30536
"GET /robots.txt HTTP/1.1" 44768
"GET /robots.txt HTTP/1.1" 47613
"GET /robots.txt HTTP/1.1" 48199
"GET /home.html HTTP/1.1" 20507
"GET /home.html HTTP/1.1" 26817
"GET /robots.txt HTTP/1.1" 34657
"GET /robots.txt HTTP/1.1" 47738
"GET /robots.txt HTTP/1.1" 34330
"GET /robots.txt HTTP/1.1" 35161
"GET /home.html HTTP/1.1" 44523
"GET /robots.txt HTTP/1.1" 43754
"GET /robots.txt HTTP/1.1" 43499
"GET /home.html HTTP/1.1" 40069
"GET /robots.txt HTTP/1.1" 27629
"GET /robots.txt HTTP/1.1" 27803
"GET /home.html HTTP/1.1" 29996
"GET /robots.txt HTTP/1.1" 47401
"GET /robots.txt HTTP/1.1" 47740
"GET /home.html HTTP/1.1" 39528
"GET /robots.txt HTTP/1.1" 29457
"GET /robots.txt HTTP/1.1" 29252
"GET /home.html HTTP/1.1" 36293
"GET /robots.txt HTTP/1.1" 30585
"GET /robots.txt HTTP/1.1" 30351
"GET /home.html HTTP/1.1" 33070
"GET /robots.txt HTTP/1.1" 28047
"GET /robots.txt HTTP/1.1" 31937
"GET /home.html HTTP/1.1" 32319
"GET /robots.txt HTTP/1.1" 28306
"GET /home.html HTTP/1.1" 37093
"GET /robots.txt HTTP/1.1" 41755
"GET /robots.txt HTTP/1.1" 29836
"GET /home.html HTTP/1.1" 42290
"GET /robots.txt HTTP/1.1" 46748
"GET /robots.txt HTTP/1.1" 34773
"GET /robots.txt HTTP/1.1" 34408
"GET /home.html HTTP/1.1" 34109
"GET /robots.txt HTTP/1.1" 42753
"GET /robots.txt HTTP/1.1" 42840
"GET /robots.txt HTTP/1.1" 28790
"GET /robots.txt HTTP/1.1" 47510
"GET /robots.txt HTTP/1.1" 47016
"GET /robots.txt HTTP/1.1" 26325
"GET /home.html HTTP/1.1" 30813
"GET /robots.txt HTTP/1.1" 33500
"GET /robots.txt HTTP/1.1" 41716
"GET /robots.txt HTTP/1.1" 47301
"GET /home.html HTTP/1.1" 35513
"GET /robots.txt HTTP/1.1" 32191
"GET /robots.txt HTTP/1.1" 32607
"GET / HTTP/1.1" 27706
"GET /robots.txt HTTP/1.1" 34052
"GET /robots.txt HTTP/1.1" 34879
"GET / HTTP/1.1" 38797
"GET /robots.txt HTTP/1.1" 29172
"GET /robots.txt HTTP/1.1" 32463
"GET / HTTP/1.1" 28211
"GET /robots.txt HTTP/1.1" 28194
"GET /robots.txt HTTP/1.1" 34692
"GET /robots.txt HTTP/1.1" 33934
"GET /robots.txt HTTP/1.1" 30823
"GET /robots.txt HTTP/1.1" 28365
"GET /robots.txt HTTP/1.1" 29824
"GET /robots.txt HTTP/1.1" 33269
"GET /robots.txt HTTP/1.1" 38537
